<?xml version="1.0" encoding="UTF-8"?>
<!-- Generated by org.testng.reporters.JUnitReportReporter -->
<testsuite hostname="DESKTOP-RE56NNV" failures="0" tests="1" name="OrangeDemo" time="26.647" errors="0" timestamp="14 Jul 2021 04:00:20 GMT" skipped="0">
  <testcase classname="OrangeDemo" name="testCase" time="26.647"/>
</testsuite> <!-- OrangeDemo -->
